\BOOKMARK [1][-]{section.1}{Variables Aleatorias}{}% 1
\BOOKMARK [2][-]{subsection.1.1}{Definiciones}{section.1}% 2
\BOOKMARK [3][-]{subsubsection.1.1.1}{Discretas}{subsection.1.1}% 3
\BOOKMARK [3][-]{subsubsection.1.1.2}{Continuas}{subsection.1.1}% 4
\BOOKMARK [2][-]{subsection.1.2}{Propiedades}{section.1}% 5
\BOOKMARK [3][-]{subsubsection.1.2.1}{Discreta}{subsection.1.2}% 6
\BOOKMARK [3][-]{subsubsection.1.2.2}{Continua}{subsection.1.2}% 7
\BOOKMARK [2][-]{subsection.1.3}{Esperanza}{section.1}% 8
\BOOKMARK [3][-]{subsubsection.1.3.1}{V.A.s Discretas}{subsection.1.3}% 9
\BOOKMARK [3][-]{subsubsection.1.3.2}{V.A.s Continua}{subsection.1.3}% 10
\BOOKMARK [3][-]{subsubsection.1.3.3}{Propiedades}{subsection.1.3}% 11
\BOOKMARK [2][-]{subsection.1.4}{Varianza}{section.1}% 12
\BOOKMARK [3][-]{subsubsection.1.4.1}{V.A.s Discretas}{subsection.1.4}% 13
\BOOKMARK [3][-]{subsubsection.1.4.2}{V.A.s Continua}{subsection.1.4}% 14
\BOOKMARK [3][-]{subsubsection.1.4.3}{Propiedades}{subsection.1.4}% 15
\BOOKMARK [2][-]{subsection.1.5}{Funci\363n de Probabilidad Conjunta}{section.1}% 16
\BOOKMARK [3][-]{subsubsection.1.5.1}{Funci\363n de Cuant\355a Conjunta \(Discreta\)}{subsection.1.5}% 17
\BOOKMARK [3][-]{subsubsection.1.5.2}{Funci\363n de Densidad Conjunta \(Continua\)}{subsection.1.5}% 18
\BOOKMARK [2][-]{subsection.1.6}{Distribuciones Marginales}{section.1}% 19
\BOOKMARK [3][-]{subsubsection.1.6.1}{Caso Discreto}{subsection.1.6}% 20
\BOOKMARK [3][-]{subsubsection.1.6.2}{Caso Continuo}{subsection.1.6}% 21
\BOOKMARK [2][-]{subsection.1.7}{Covarianza}{section.1}% 22
\BOOKMARK [3][-]{subsubsection.1.7.1}{Caso Discreto}{subsection.1.7}% 23
\BOOKMARK [3][-]{subsubsection.1.7.2}{Caso Continuo}{subsection.1.7}% 24
\BOOKMARK [2][-]{subsection.1.8}{Resultados Importantes}{section.1}% 25
\BOOKMARK [1][-]{section.2}{Distribuciones}{}% 26
\BOOKMARK [2][-]{subsection.2.1}{Distribuciones Discretas}{section.2}% 27
\BOOKMARK [3][-]{subsubsection.2.1.1}{Distribuci\363n de Bernoulli \(Ber\)}{subsection.2.1}% 28
\BOOKMARK [3][-]{subsubsection.2.1.2}{Distribuci\363n Binomial \(b\)}{subsection.2.1}% 29
\BOOKMARK [3][-]{subsubsection.2.1.3}{Distribuci\363n de Poisson \(Poisson\)}{subsection.2.1}% 30
\BOOKMARK [2][-]{subsection.2.2}{Distribuciones Continuas}{section.2}% 31
\BOOKMARK [3][-]{subsubsection.2.2.1}{Distribuci\363n Uniforme o Regular \(U\)}{subsection.2.2}% 32
\BOOKMARK [3][-]{subsubsection.2.2.2}{Distribuci\363n Exponencial \(exp\)}{subsection.2.2}% 33
\BOOKMARK [3][-]{subsubsection.2.2.3}{Distribuci\363n Normal \(N\)}{subsection.2.2}% 34
\BOOKMARK [3][-]{subsubsection.2.2.4}{Distribuci\363n Chi-Cuadrado \(2\)}{subsection.2.2}% 35
\BOOKMARK [3][-]{subsubsection.2.2.5}{Distribuci\363n Fisher-Snedecor \(F\)}{subsection.2.2}% 36
\BOOKMARK [3][-]{subsubsection.2.2.6}{Distribuci\363n T-Student \(t\)}{subsection.2.2}% 37
\BOOKMARK [1][-]{section.3}{Muestreo}{}% 38
\BOOKMARK [2][-]{subsection.3.1}{Distribuciones de Muestreo}{section.3}% 39
\BOOKMARK [2][-]{subsection.3.2}{Estad\355stico}{section.3}% 40
\BOOKMARK [3][-]{subsubsection.3.2.1}{Desigualdad de Chebyshev}{subsection.3.2}% 41
\BOOKMARK [2][-]{subsection.3.3}{Distribuci\363n de Muestreo de la diferencia o suma de las medias}{section.3}% 42
\BOOKMARK [2][-]{subsection.3.4}{Distribuci\363n de la proporci\363n muestral}{section.3}% 43
\BOOKMARK [1][-]{section.4}{Estimaci\363n Estad\355stica}{}% 44
\BOOKMARK [2][-]{subsection.4.1}{Estimaci\363n Puntual}{section.4}% 45
\BOOKMARK [3][-]{subsubsection.4.1.1}{Propiedades}{subsection.4.1}% 46
\BOOKMARK [2][-]{subsection.4.2}{Sesgo y Error Cuadr\341tico Medio de un Estimador \(ECM\)}{section.4}% 47
\BOOKMARK [2][-]{subsection.4.3}{Estimaci\363n por Intervalo}{section.4}% 48
\BOOKMARK [3][-]{subsubsection.4.3.1}{Estimaci\363n por Intervalo de la Media Poblacional}{subsection.4.3}% 49
\BOOKMARK [3][-]{subsubsection.4.3.2}{Estimaci\363n por Intervalo de la diferencia o suma de Medias}{subsection.4.3}% 50
\BOOKMARK [3][-]{subsubsection.4.3.3}{Estimaci\363n por Intervalo para Proporciones}{subsection.4.3}% 51
\BOOKMARK [2][-]{subsection.4.4}{Relaci\363n entre el error de Estimaci\363n \(E\) y el riesgo de estimaci\363n \(\)}{section.4}% 52
\BOOKMARK [2][-]{subsection.4.5}{Relaci\363n entre el error de estimaci\363n \(E\) y el tama\361o de la muestra \(n\)}{section.4}% 53
\BOOKMARK [3][-]{subsubsection.4.5.1}{En la distribuci\363n de la media muestral}{subsection.4.5}% 54
\BOOKMARK [3][-]{subsubsection.4.5.2}{En la distribuci\363n de la proporci\363n muestral}{subsection.4.5}% 55
\BOOKMARK [1][-]{section.5}{Prueba de Hip\363tesis}{}% 56
\BOOKMARK [1][-]{section.6}{Miscel\341neo}{}% 57
\BOOKMARK [2][-]{subsection.6.1}{Tabla: Coeficientes de Confianza o valores cr\355ticos \(1-2\)}{section.6}% 58
\BOOKMARK [2][-]{subsection.6.2}{Interpolaci\363n}{section.6}% 59
