\BOOKMARK [0][-]{chapter.1}{Variables Aleatorias}{}% 1
\BOOKMARK [1][-]{section.1.1}{Clasificaci\363n de Variables Aleatorias}{chapter.1}% 2
\BOOKMARK [1][-]{section.1.2}{Funci\363n de Probabilidad de una Variable Aleatoria}{chapter.1}% 3
\BOOKMARK [1][-]{section.1.3}{Funci\363n de Distribuci\363n Acumulada \(FDA\)}{chapter.1}% 4
\BOOKMARK [2][-]{subsection.1.3.1}{Representaci\363n Gr\341fica}{section.1.3}% 5
\BOOKMARK [2][-]{subsection.1.3.2}{Caso Continuo}{section.1.3}% 6
\BOOKMARK [2][-]{subsection.1.3.3}{Propiedades de la FDA}{section.1.3}% 7
\BOOKMARK [1][-]{section.1.4}{Esperanza Matem\341tica}{chapter.1}% 8
\BOOKMARK [2][-]{subsection.1.4.1}{Varianza}{section.1.4}% 9
\BOOKMARK [1][-]{section.1.5}{Funci\363n de Probabilidad Conjunta}{chapter.1}% 10
\BOOKMARK [2][-]{subsection.1.5.1}{Funci\363n de Cuant\355a Conjunta}{section.1.5}% 11
\BOOKMARK [2][-]{subsection.1.5.2}{Funci\363n de Densidad Conjunta}{section.1.5}% 12
\BOOKMARK [1][-]{section.1.6}{Distribuciones Marginales}{chapter.1}% 13
\BOOKMARK [2][-]{subsection.1.6.1}{Independencia Estad\355stica de las v.a. X y Y}{section.1.6}% 14
\BOOKMARK [2][-]{subsection.1.6.2}{Esperanza Matem\341tica}{section.1.6}% 15
\BOOKMARK [2][-]{subsection.1.6.3}{Covarianza}{section.1.6}% 16
\BOOKMARK [2][-]{subsection.1.6.4}{Resultado Importantes}{section.1.6}% 17
\BOOKMARK [0][-]{chapter.2}{Modelos de Distribuci\363n de Probabilidad}{}% 18
\BOOKMARK [1][-]{section.2.1}{Distribuciones Discretas}{chapter.2}% 19
\BOOKMARK [2][-]{subsection.2.1.1}{Distribuci\363n de Bernoulli}{section.2.1}% 20
\BOOKMARK [2][-]{subsection.2.1.2}{Distribuci\363n Binomial}{section.2.1}% 21
\BOOKMARK [2][-]{subsection.2.1.3}{Distribuci\363n de Poisson}{section.2.1}% 22
\BOOKMARK [2][-]{subsection.2.1.4}{Distribuci\363n Geom\351trica}{section.2.1}% 23
\BOOKMARK [2][-]{subsection.2.1.5}{Distribuci\363n Binomial Negativa}{section.2.1}% 24
\BOOKMARK [1][-]{section.2.2}{Distribuciones Continuas}{chapter.2}% 25
\BOOKMARK [2][-]{subsection.2.2.1}{Distribuci\363n Uniforme o Rectangular}{section.2.2}% 26
\BOOKMARK [2][-]{subsection.2.2.2}{Distribuci\363n Exponencial}{section.2.2}% 27
\BOOKMARK [2][-]{subsection.2.2.3}{Distribuci\363n Normal}{section.2.2}% 28
\BOOKMARK [2][-]{subsection.2.2.4}{Distribuci\363n Chi Cuadrado}{section.2.2}% 29
\BOOKMARK [2][-]{subsection.2.2.5}{Distribuci\363n T-Student}{section.2.2}% 30
\BOOKMARK [2][-]{subsection.2.2.6}{Distribuci\363n F \(Fisher-Snedecor\)}{section.2.2}% 31
\BOOKMARK [2][-]{subsection.2.2.7}{Distribuci\363n Gamma}{section.2.2}% 32
\BOOKMARK [2][-]{subsection.2.2.8}{Distribuci\363n Beta}{section.2.2}% 33
\BOOKMARK [2][-]{subsection.2.2.9}{Distribuci\363n de Weibull}{section.2.2}% 34
\BOOKMARK [0][-]{chapter.3}{Muestreo y Distribuciones de Muestreo}{}% 35
\BOOKMARK [1][-]{section.3.1}{Distribuciones de Muestreo}{chapter.3}% 36
\BOOKMARK [2][-]{subsection.3.1.1}{Estad\355grafos y Estad\355sticos}{section.3.1}% 37
\BOOKMARK [2][-]{subsection.3.1.2}{Desigualdad Chebyshev}{section.3.1}% 38
\BOOKMARK [1][-]{section.3.2}{Distribuci\363n de Muestreo}{chapter.3}% 39
\BOOKMARK [1][-]{section.3.3}{Distribuci\363n de la Media Muestral}{chapter.3}% 40
\BOOKMARK [2][-]{subsection.3.3.1}{Distribuci\363n de Muestras de la diferencia o suma de Medias}{section.3.3}% 41
\BOOKMARK [2][-]{subsection.3.3.2}{Distribuci\363n de la Proporci\363n Muestral}{section.3.3}% 42
\BOOKMARK [0][-]{chapter.4}{Estimaci\363n Estad\355stica}{}% 43
\BOOKMARK [1][-]{section.4.1}{Estimaci\363n Puntual}{chapter.4}% 44
\BOOKMARK [2][-]{subsection.4.1.1}{Propiedades de los Estimadores Puntuales}{section.4.1}% 45
\BOOKMARK [2][-]{subsection.4.1.2}{Sesgo y Error Cuadr\341tico Medio de un Estimador \(ECM\)}{section.4.1}% 46
\BOOKMARK [1][-]{section.4.2}{Estimaci\363n por Intervalo}{chapter.4}% 47
\BOOKMARK [2][-]{subsection.4.2.1}{Formulaci\363n General de los Intervalos}{section.4.2}% 48
\BOOKMARK [2][-]{subsection.4.2.2}{Interpretaci\363n de Intervalo de Confianza}{section.4.2}% 49
\BOOKMARK [2][-]{subsection.4.2.3}{Estimaci\363n por Intervalo de la media Poblacional}{section.4.2}% 50
\BOOKMARK [2][-]{subsection.4.2.4}{Estimaci\363n por Intervalo de la Diferencia o suma de medias}{section.4.2}% 51
\BOOKMARK [2][-]{subsection.4.2.5}{Estimaci\363n por Intervalo para Proporciones}{section.4.2}% 52
\BOOKMARK [2][-]{subsection.4.2.6}{Relaci\363n entre el Error de Estimaci\363n y el Riesgo de Estimaci\363n}{section.4.2}% 53
\BOOKMARK [2][-]{subsection.4.2.7}{Relaci\363n entre el Error de Estimaci\363n y el tama\361o de la Muestra}{section.4.2}% 54
