\BOOKMARK [0][-]{chapter.1}{Preliminares Formales}{}% 1
\BOOKMARK [1][-]{section.1.1}{Conjuntos}{chapter.1}% 2
\BOOKMARK [2][-]{subsection.1.1.1}{Conjunto Finito e Infinito}{section.1.1}% 3
\BOOKMARK [1][-]{section.1.2}{Preliminares}{chapter.1}% 4
\BOOKMARK [2][-]{subsection.1.2.1}{Alfabeto}{section.1.2}% 5
\BOOKMARK [2][-]{subsection.1.2.2}{Palabra}{section.1.2}% 6
\BOOKMARK [2][-]{subsection.1.2.3}{Notaciones}{section.1.2}% 7
\BOOKMARK [2][-]{subsection.1.2.4}{Cantidad de Ocurrencias}{section.1.2}% 8
\BOOKMARK [2][-]{subsection.1.2.5}{Concatenaci\363n}{section.1.2}% 9
\BOOKMARK [2][-]{subsection.1.2.6}{Cardinalidad}{section.1.2}% 10
\BOOKMARK [2][-]{subsection.1.2.7}{Inversa}{section.1.2}% 11
\BOOKMARK [2][-]{subsection.1.2.8}{Potencia de una Palabra}{section.1.2}% 12
\BOOKMARK [2][-]{subsection.1.2.9}{Principio de Inducci\363n para *}{section.1.2}% 13
\BOOKMARK [2][-]{subsection.1.2.10}{Prefijos, Sufijos y Subpalabras}{section.1.2}% 14
\BOOKMARK [2][-]{subsection.1.2.11}{Lenguajes}{section.1.2}% 15
\BOOKMARK [2][-]{subsection.1.2.12}{Orden Lexicogr\341fico}{section.1.2}% 16
\BOOKMARK [2][-]{subsection.1.2.13}{Representaci\363n Finita de Lenguajes}{section.1.2}% 17
\BOOKMARK [2][-]{subsection.1.2.14}{Expresiones Regulares}{section.1.2}% 18
\BOOKMARK [2][-]{subsection.1.2.15}{M\363dulos}{section.1.2}% 19
\BOOKMARK [2][-]{subsection.1.2.16}{Alcanzabilidad}{section.1.2}% 20
\BOOKMARK [2][-]{subsection.1.2.17}{M\341quinas}{section.1.2}% 21
\BOOKMARK [2][-]{subsection.1.2.18}{S\355ntesis, An\341lisis y Verificaci\363n}{section.1.2}% 22
\BOOKMARK [0][-]{chapter.2}{Aut\363matas}{}% 23
\BOOKMARK [1][-]{section.2.1}{Aut\363mata Finito Determin\355stico \(AFD\)}{chapter.2}% 24
\BOOKMARK [2][-]{subsection.2.1.1}{Definici\363n}{section.2.1}% 25
\BOOKMARK [2][-]{subsection.2.1.2}{Intepretaci\363n}{section.2.1}% 26
\BOOKMARK [2][-]{subsection.2.1.3}{Representaci\363n}{section.2.1}% 27
\BOOKMARK [2][-]{subsection.2.1.4}{Configuraci\363n}{section.2.1}% 28
\BOOKMARK [1][-]{section.2.2}{Aut\363mata Finito no Determin\355stico \(AFN\)}{chapter.2}% 29
\BOOKMARK [2][-]{subsection.2.2.1}{Definici\363n}{section.2.2}% 30
\BOOKMARK [2][-]{subsection.2.2.2}{Configuraci\363n}{section.2.2}% 31
\BOOKMARK [1][-]{section.2.3}{Equivalencia entre una AFD y un AFN}{chapter.2}% 32
\BOOKMARK [1][-]{section.2.4}{Propiedades de los Lenguajes Aceptados por AF's}{chapter.2}% 33
\BOOKMARK [1][-]{section.2.5}{Automatas Finitos y Expresiones Regulares}{chapter.2}% 34
\BOOKMARK [1][-]{section.2.6}{Lenguajes no Regulares}{chapter.2}% 35
\BOOKMARK [2][-]{subsection.2.6.1}{Teor\355a}{section.2.6}% 36
\BOOKMARK [1][-]{section.2.7}{Gram\341ticas}{chapter.2}% 37
\BOOKMARK [2][-]{subsection.2.7.1}{Definici\363n}{section.2.7}% 38
\BOOKMARK [2][-]{subsection.2.7.2}{Gram\341ticas Regulares}{section.2.7}% 39
\BOOKMARK [1][-]{section.2.8}{Aut\363mata con Pila}{chapter.2}% 40
\BOOKMARK [2][-]{subsection.2.8.1}{Configuraci\363n}{section.2.8}% 41
\BOOKMARK [2][-]{subsection.2.8.2}{Aut\363matas con Pila y Gram\341ticas Libre de Contexto}{section.2.8}% 42
\BOOKMARK [2][-]{subsection.2.8.3}{Propiedades de los Lenguajes Libres de Contexto}{section.2.8}% 43
\BOOKMARK [1][-]{section.2.9}{M\341quinas de Turing }{chapter.2}% 44
