\BOOKMARK [1][-]{section.1}{Variables Aleatorias}{}% 1
\BOOKMARK [2][-]{subsection.1.1}{Definiciones}{section.1}% 2
\BOOKMARK [3][-]{subsubsection.1.1.1}{Discretas}{subsection.1.1}% 3
\BOOKMARK [3][-]{subsubsection.1.1.2}{Continuas}{subsection.1.1}% 4
\BOOKMARK [2][-]{subsection.1.2}{Propiedades}{section.1}% 5
\BOOKMARK [3][-]{subsubsection.1.2.1}{Discreta}{subsection.1.2}% 6
\BOOKMARK [3][-]{subsubsection.1.2.2}{Continua}{subsection.1.2}% 7
\BOOKMARK [2][-]{subsection.1.3}{Esperanza}{section.1}% 8
\BOOKMARK [3][-]{subsubsection.1.3.1}{V.A.s Discretas}{subsection.1.3}% 9
\BOOKMARK [3][-]{subsubsection.1.3.2}{V.A.s Continua}{subsection.1.3}% 10
\BOOKMARK [3][-]{subsubsection.1.3.3}{Propiedades}{subsection.1.3}% 11
\BOOKMARK [2][-]{subsection.1.4}{Varianza}{section.1}% 12
\BOOKMARK [3][-]{subsubsection.1.4.1}{V.A.s Discretas}{subsection.1.4}% 13
\BOOKMARK [3][-]{subsubsection.1.4.2}{V.A.s Continua}{subsection.1.4}% 14
\BOOKMARK [3][-]{subsubsection.1.4.3}{Propiedades}{subsection.1.4}% 15
\BOOKMARK [2][-]{subsection.1.5}{Funci\363n de Probabilidad Conjunta}{section.1}% 16
\BOOKMARK [3][-]{subsubsection.1.5.1}{Funci\363n de Cuant\355a Conjunta}{subsection.1.5}% 17
\BOOKMARK [3][-]{subsubsection.1.5.2}{Funci\363n de Densidad Conjunta}{subsection.1.5}% 18
\BOOKMARK [2][-]{subsection.1.6}{Distribuciones Marginales}{section.1}% 19
\BOOKMARK [2][-]{subsection.1.7}{Covarianza}{section.1}% 20
\BOOKMARK [2][-]{subsection.1.8}{Resultados Importantes}{section.1}% 21
\BOOKMARK [1][-]{section.2}{Distribuciones}{}% 22
