\BOOKMARK [0][-]{chapter.1}{Variables Aleatorias}{}% 1
\BOOKMARK [1][-]{section.1.1}{Clasificaci\363n de Variables Aleatorias}{chapter.1}% 2
\BOOKMARK [1][-]{section.1.2}{Funci\363n de Probabilidad de una Variable Aleatoria}{chapter.1}% 3
\BOOKMARK [1][-]{section.1.3}{Funci\363n de Distribuci\363n Acumulada \(FDA\)}{chapter.1}% 4
\BOOKMARK [2][-]{subsection.1.3.1}{Representaci\363n Gr\341fica}{section.1.3}% 5
\BOOKMARK [2][-]{subsection.1.3.2}{Caso Continuo}{section.1.3}% 6
\BOOKMARK [2][-]{subsection.1.3.3}{Propiedades de la FDA}{section.1.3}% 7
\BOOKMARK [1][-]{section.1.4}{Esperanza Matem\341tica}{chapter.1}% 8
\BOOKMARK [2][-]{subsection.1.4.1}{Varianza}{section.1.4}% 9
\BOOKMARK [1][-]{section.1.5}{Funci\363n de Probabilidad Conjunta}{chapter.1}% 10
\BOOKMARK [2][-]{subsection.1.5.1}{Funci\363n de Cuant\355a Conjunta}{section.1.5}% 11
\BOOKMARK [2][-]{subsection.1.5.2}{Funci\363n de Densidad Conjunta}{section.1.5}% 12
\BOOKMARK [1][-]{section.1.6}{Distribuciones Marginales}{chapter.1}% 13
\BOOKMARK [2][-]{subsection.1.6.1}{Independencia Estad\355stica de las v.a. X y Y}{section.1.6}% 14
\BOOKMARK [2][-]{subsection.1.6.2}{Esperanza Matem\341tica}{section.1.6}% 15
\BOOKMARK [2][-]{subsection.1.6.3}{Covarianza}{section.1.6}% 16
\BOOKMARK [2][-]{subsection.1.6.4}{Resultado Importantes}{section.1.6}% 17
\BOOKMARK [0][-]{chapter.2}{Modelos de Distribuci\363n de Probabilidad}{}% 18
\BOOKMARK [1][-]{section.2.1}{Distribuciones Discretas}{chapter.2}% 19
\BOOKMARK [2][-]{subsection.2.1.1}{Distribuci\363n de Bernoulli}{section.2.1}% 20
\BOOKMARK [2][-]{subsection.2.1.2}{Distribuci\363n Binomial}{section.2.1}% 21
\BOOKMARK [2][-]{subsection.2.1.3}{Distribuci\363n de Poisson}{section.2.1}% 22
\BOOKMARK [2][-]{subsection.2.1.4}{Distribuci\363n Geom\351trica}{section.2.1}% 23
\BOOKMARK [2][-]{subsection.2.1.5}{Distribuci\363n Hipergeom\351trica}{section.2.1}% 24
\BOOKMARK [2][-]{subsection.2.1.6}{Distribuci\363n Binomial Negativa}{section.2.1}% 25
\BOOKMARK [2][-]{subsection.2.1.7}{Distribuci\363n Multinomial}{section.2.1}% 26
\BOOKMARK [1][-]{section.2.2}{Distribuciones Continuas}{chapter.2}% 27
\BOOKMARK [2][-]{subsection.2.2.1}{Distribuci\363n Uniforme o Rectangular}{section.2.2}% 28
\BOOKMARK [2][-]{subsection.2.2.2}{Distribuci\363n Exponencial}{section.2.2}% 29
\BOOKMARK [2][-]{subsection.2.2.3}{Distribuci\363n Normal}{section.2.2}% 30
