\BOOKMARK [0][-]{chapter.1}{Aproximaciones y Errores}{}% 1
\BOOKMARK [1][-]{section.1.1}{Errores}{chapter.1}% 2
\BOOKMARK [1][-]{section.1.2}{Exactitud y Precisi\363n}{chapter.1}% 3
\BOOKMARK [1][-]{section.1.3}{Definici\363n de Error}{chapter.1}% 4
\BOOKMARK [2][-]{subsection.1.3.1}{Error Verdadero \(Ev\)}{section.1.3}% 5
\BOOKMARK [2][-]{subsection.1.3.2}{Error Relativo Verdaderos}{section.1.3}% 6
\BOOKMARK [1][-]{section.1.4}{Series}{chapter.1}% 7
\BOOKMARK [1][-]{section.1.5}{Reglas de Redondeo}{chapter.1}% 8
\BOOKMARK [0][-]{chapter.2}{Ra\355ces de Ecuaciones}{}% 9
\BOOKMARK [1][-]{section.2.1}{M\351todos de Intervalo}{chapter.2}% 10
\BOOKMARK [2][-]{subsection.2.1.1}{M\351todo Gr\341fico}{section.2.1}% 11
\BOOKMARK [2][-]{subsection.2.1.2}{M\351todo de Bisecci\363n}{section.2.1}% 12
\BOOKMARK [2][-]{subsection.2.1.3}{M\351todo de Regla Falsa}{section.2.1}% 13
\BOOKMARK [2][-]{subsection.2.1.4}{M\351todo de Regla Falsa Mejorada}{section.2.1}% 14
\BOOKMARK [1][-]{section.2.2}{M\351todos Abiertos}{chapter.2}% 15
\BOOKMARK [2][-]{subsection.2.2.1}{M\351todo de la Secante}{section.2.2}% 16
\BOOKMARK [2][-]{subsection.2.2.2}{M\351todo de Newton-Raphson}{section.2.2}% 17
\BOOKMARK [0][-]{chapter.3}{Sistemas de Ecuaciones}{}% 18
\BOOKMARK [0][-]{chapter.4}{Interpolaci\363n Polinomial}{}% 19
\BOOKMARK [0][-]{chapter.5}{Derivaci\363n e Integraci\363n Num\351rica}{}% 20
